<?xml version="1.0" encoding="UTF-8"?>
<testng-results ignored="0" total="1" passed="1" failed="0" skipped="0">
  <reporter-output>
  </reporter-output>
  <suite started-at="2022-02-15T21:44:58Z" name="Default suite" finished-at="2022-02-15T21:56:06Z" duration-ms="667694">
    <groups>
    </groups>
    <test started-at="2022-02-15T21:44:58Z" name="Default test" finished-at="2022-02-15T21:56:06Z" duration-ms="667694">
      <class name="atoz">
        <test-method signature="Brecipe()[pri:0, instance:atoz@5c80cf32]" started-at="2022-02-15T21:44:58Z" name="Brecipe" finished-at="2022-02-15T21:56:06Z" duration-ms="667661" status="PASS">
          <reporter-output>
          </reporter-output>
        </test-method> <!-- Brecipe -->
      </class> <!-- atoz -->
    </test> <!-- Default test -->
  </suite> <!-- Default suite -->
</testng-results>
